Arguments: 
  /usr/local/bin/node /usr/local/bin/yarn init

PATH: 
  /usr/local/bin:/usr/bin:/bin:/usr/sbin:/sbin

Yarn version: 
  1.15.2

Node version: 
  10.15.1

Platform: 
  darwin x64

Trace: 
  Error: canceled
      at Interface.<anonymous> (/usr/local/lib/node_modules/yarn/lib/cli.js:125801:13)
      at Interface.emit (events.js:189:13)
      at Interface._ttyWrite (readline.js:783:16)
      at ReadStream.onkeypress (readline.js:168:10)
      at ReadStream.emit (events.js:189:13)
      at emitKeys (internal/readline.js:424:14)
      at emitKeys.next (<anonymous>)
      at ReadStream.onData (readline.js:1022:36)
      at ReadStream.emit (events.js:189:13)
      at addChunk (_stream_readable.js:284:12)

npm manifest: 
  {
    "name": "parcel-static",
    "version": "1.0.0",
    "main": "index.js",
    "license": "MIT",
    "scripts": {
      "start": "parcel index.html"
    },
    "dependencies": {
      "react": "^16.9.0",
      "react-dnd": "^9.3.4",
      "react-dom": "^16.9.0",
      "react-draggable": "^3.3.2"
    },
    "devDependencies": {
      "parcel-bundler": "^1.12.3",
      "react": "^16.9.0",
      "react-dnd": "^9.3.4",
      "react-dom": "^16.9.0",
      "react-draggable": "^3.3.2"
    }
    
  }

yarn manifest: 
  No manifest

Lockfile: 
  No lockfile
